app/vpn/build/intermediates/manifest_merge_blame_file/debug/manifest-merger-blame-debug-report.txt
1<?xml version="1.0" encoding="utf-8"?>
2<manifest xmlns:android="http://schemas.android.com/apk/res/android"
3    package="de.blinkt.openvpn"
4    android:versionCode="1"
5    android:versionName="1.0" >
6
7    <uses-sdk
8        android:minSdkVersion="16"
8-->src\main\AndroidManifest.xml
9        android:targetSdkVersion="30" />
9-->src\main\AndroidManifest.xml
10
11    <application>
11-->src\main\AndroidManifest.xml:3:5-17:19
12        <activity
12-->src\main\AndroidManifest.xml:4:9-9:52
13            android:name="de.blinkt.openvpn.DisconnectVPNActivity"
13-->src\main\AndroidManifest.xml:5:13-67
14            android:excludeFromRecents="true"
14-->src\main\AndroidManifest.xml:6:13-46
15            android:noHistory="true"
15-->src\main\AndroidManifest.xml:7:13-37
16            android:taskAffinity=".DisconnectVPN"
16-->src\main\AndroidManifest.xml:8:13-50
17            android:theme="@style/blinkt.dialog" />
17-->src\main\AndroidManifest.xml:9:13-49
18
19        <service
19-->src\main\AndroidManifest.xml:10:9-16:19
20            android:name="de.blinkt.openvpn.core.OpenVPNService"
20-->src\main\AndroidManifest.xml:11:13-65
21            android:permission="android.permission.BIND_VPN_SERVICE" >
21-->src\main\AndroidManifest.xml:12:13-69
22            <intent-filter>
22-->src\main\AndroidManifest.xml:13:13-15:29
23                <action android:name="android.net.VpnService" />
23-->src\main\AndroidManifest.xml:14:17-65
23-->src\main\AndroidManifest.xml:14:25-62
24            </intent-filter>
25        </service>
26    </application>
27
28</manifest>